<?xml version="1.0" encoding="UTF-8"?>
<testng-results ignored="0" total="1" passed="1" failed="0" skipped="0">
  <reporter-output>
  </reporter-output>
  <suite started-at="2024-08-01T21:43:16 IST" name="Default suite" finished-at="2024-08-01T21:43:48 IST" duration-ms="32035">
    <groups>
    </groups>
    <test started-at="2024-08-01T21:43:16 IST" name="Default test" finished-at="2024-08-01T21:43:48 IST" duration-ms="32035">
      <class name="com.TestNGDemos.D10KeywordDrivenFramework">
        <test-method is-config="true" signature="beforeTest()[pri:0, instance:com.TestNGDemos.D10KeywordDrivenFramework@4722ef0c]" started-at="2024-08-01T21:43:16 IST" name="beforeTest" finished-at="2024-08-01T21:43:41 IST" duration-ms="25106" status="PASS">
          <reporter-output>
          </reporter-output>
        </test-method> <!-- beforeTest -->
        <test-method signature="registration()[pri:0, instance:com.TestNGDemos.D10KeywordDrivenFramework@4722ef0c]" started-at="2024-08-01T21:43:41 IST" name="registration" finished-at="2024-08-01T21:43:42 IST" duration-ms="1055" status="PASS">
          <reporter-output>
          </reporter-output>
        </test-method> <!-- registration -->
        <test-method is-config="true" signature="afterTest()[pri:0, instance:com.TestNGDemos.D10KeywordDrivenFramework@4722ef0c]" started-at="2024-08-01T21:43:42 IST" name="afterTest" finished-at="2024-08-01T21:43:48 IST" duration-ms="5751" status="PASS">
          <reporter-output>
          </reporter-output>
        </test-method> <!-- afterTest -->
      </class> <!-- com.TestNGDemos.D10KeywordDrivenFramework -->
    </test> <!-- Default test -->
  </suite> <!-- Default suite -->
</testng-results>
