<?xml version="1.0" encoding="UTF-8"?>
<!-- Generated by org.testng.reporters.JUnitXMLReporter -->
<testsuite ignored="0" hostname="DESKTOP-G8O6OG0" failures="0" tests="4" name="Default test" time="8.951" errors="0" timestamp="2024-08-05T21:55:58 IST">
  <testcase classname="com.MyTests.D05LoginToOHRM" name="loginToOHRM" time="0.01"/>
  <testcase classname="com.MyTests.D05LoginToOHRM" name="loginToOHRM" time="0.002"/>
  <testcase classname="com.MyTests.D05LoginToOHRM" name="loginToOHRM" time="0.004"/>
  <testcase classname="com.MyTests.D05LoginToOHRM" name="loginToOHRM" time="0.001"/>
</testsuite> <!-- Default test -->
