<?xml version="1.0" encoding="UTF-8"?>
<!-- Generated by org.testng.reporters.JUnitXMLReporter -->
<testsuite ignored="0" hostname="DESKTOP-G8O6OG0" failures="0" tests="4" name="My Test" time="33.022" errors="0" timestamp="2024-07-30T21:15:24 IST">
  <testcase classname="com.TestNGDemos.D05FirstCryAssignment" name="clickOnBoysFashion" time="4.446"/>
  <testcase classname="com.TestNGDemos.D05FirstCryAssignment" name="clickOnGirlsFashion" time="3.821"/>
  <testcase classname="com.TestNGDemos.D05FirstCryAssignment" name="clickOnToys" time="7.92"/>
  <testcase classname="com.TestNGDemos.D05FirstCryAssignment" name="clickOnFootwear" time="3.143"/>
</testsuite> <!-- My Test -->
