<?xml version="1.0" encoding="UTF-8"?>
<!-- Generated by org.testng.reporters.JUnitXMLReporter -->
<testsuite ignored="0" hostname="DESKTOP-G8O6OG0" failures="0" tests="3" name="Default test" time="15.22" errors="0" timestamp="2024-07-29T22:05:57 IST">
  <testcase classname="com.MyAssignments.A07OHRMLogin_Logout" name="loginToOHRM1" time="1.828"/>
  <testcase classname="com.MyAssignments.A07OHRMLogin_Logout" name="loginToOHRM2" time="1.53"/>
  <testcase classname="com.MyAssignments.A07OHRMLogin_Logout" name="loginToOHRM3" time="1.221"/>
</testsuite> <!-- Default test -->
